This file contains any messages produced by compilers while
running configure, to aid debugging if configure makes a mistake.

It was created by AvP configure 1.0, which was
generated by GNU Autoconf 2.65.  Invocation command line was

  $ ./configure 

## --------- ##
## Platform. ##
## --------- ##

hostname = graham-laptop
uname -m = i686
uname -r = 2.6.32-23-generic
uname -s = Linux
uname -v = #37-Ubuntu SMP Fri Jun 11 07:54:58 UTC 2010

/usr/bin/uname -p = unknown
/bin/uname -X     = unknown

/bin/arch              = unknown
/usr/bin/arch -k       = unknown
/usr/convex/getsysinfo = unknown
/usr/bin/hostinfo      = unknown
/bin/machine           = unknown
/usr/bin/oslevel       = unknown
/bin/universe          = unknown

PATH: /usr/local/sbin
PATH: /usr/local/bin
PATH: /usr/sbin
PATH: /usr/bin
PATH: /sbin
PATH: /bin
PATH: /usr/games
PATH: /usr/local/pandora/arm-2009q3/bin
PATH: /usr/local/pandora/arm-2009q3/usr/bin
PATH: /usr/local/pandora/arm-2009q3/bin
PATH: /usr/local/pandora/arm-2009q3/usr/bin


## ----------- ##
## Core tests. ##
## ----------- ##

configure:2374: checking for a BSD-compatible install
configure:2442: result: /usr/bin/install -c
configure:2453: checking whether build environment is sane
configure:2490: result: yes
configure:2552: checking for gawk
configure:2568: found /usr/bin/gawk
configure:2579: result: gawk
configure:2590: checking whether make sets $(MAKE)
configure:2612: result: yes
configure:2833: checking for ranlib
configure:2849: found /usr/bin/ranlib
configure:2860: result: ranlib
configure:3022: creating ./config.status

## ---------------------- ##
## Running config.status. ##
## ---------------------- ##

This file was extended by AvP config.status 1.0, which was
generated by GNU Autoconf 2.65.  Invocation command line was

  CONFIG_FILES    = 
  CONFIG_HEADERS  = 
  CONFIG_LINKS    = 
  CONFIG_COMMANDS = 
  $ ./config.status 

on graham-laptop

config.status:772: creating Makefile
config.status:772: creating src/Makefile
config.status:772: creating src/avp/Makefile
config.status:772: creating src/avp/shapes/Makefile
config.status:772: creating src/avp/support/Makefile
config.status:772: creating src/avp/win95/Makefile
config.status:772: creating src/avp/win95/frontend/Makefile
config.status:772: creating src/avp/win95/gadgets/Makefile
config.status:772: creating src/win95/Makefile
configure:4099: checking for g++
configure:4115: found /usr/bin/g++
configure:4126: result: g++
configure:4153: checking for C++ compiler version
configure:4162: g++ --version >&5
g++ (Ubuntu 4.4.3-4ubuntu5) 4.4.3
Copyright (C) 2009 Free Software Foundation, Inc.
This is free software; see the source for copying conditions.  There is NO
warranty; not even for MERCHANTABILITY or FITNESS FOR A PARTICULAR PURPOSE.

configure:4173: $? = 0
configure:4162: g++ -v >&5
Using built-in specs.
Target: i486-linux-gnu
Configured with: ../src/configure -v --with-pkgversion='Ubuntu 4.4.3-4ubuntu5' --with-bugurl=file:///usr/share/doc/gcc-4.4/README.Bugs --enable-languages=c,c++,fortran,objc,obj-c++ --prefix=/usr --enable-shared --enable-multiarch --enable-linker-build-id --with-system-zlib --libexecdir=/usr/lib --without-included-gettext --enable-threads=posix --with-gxx-include-dir=/usr/include/c++/4.4 --program-suffix=-4.4 --enable-nls --enable-clocale=gnu --enable-libstdcxx-debug --enable-plugin --enable-objc-gc --enable-targets=all --disable-werror --with-arch-32=i486 --with-tune=generic --enable-checking=release --build=i486-linux-gnu --host=i486-linux-gnu --target=i486-linux-gnu
Thread model: posix
gcc version 4.4.3 (Ubuntu 4.4.3-4ubuntu5) 
configure:4173: $? = 0
configure:4162: g++ -V >&5
g++: '-V' option must have argument
configure:4173: $? = 1
configure:4162: g++ -qversion >&5
g++: unrecognized option '-qversion'
g++: no input files
configure:4173: $? = 1
configure:4193: checking whether the C++ compiler works
configure:4215: g++    conftest.cpp  >&5
configure:4219: $? = 0
configure:4268: result: yes
configure:4271: checking for C++ compiler default output file name
configure:4273: result: a.out
configure:4279: checking for suffix of executables
configure:4286: g++ -o conftest    conftest.cpp  >&5
configure:4290: $? = 0
configure:4312: result: 
configure:4334: checking whether we are cross compiling
configure:4342: g++ -o conftest    conftest.cpp  >&5
configure:4346: $? = 0
configure:4353: ./conftest
configure:4357: $? = 0
configure:4372: result: no
configure:4377: checking for suffix of object files
configure:4399: g++ -c   conftest.cpp >&5
configure:4403: $? = 0
configure:4424: result: o
configure:4428: checking whether we are using the GNU C++ compiler
configure:4447: g++ -c   conftest.cpp >&5
configure:4447: $? = 0
configure:4456: result: yes
configure:4465: checking whether g++ accepts -g
configure:4485: g++ -c -g  conftest.cpp >&5
configure:4485: $? = 0
configure:4526: result: yes
configure:4560: checking for style of include used by make
configure:4588: result: GNU
configure:4616: checking dependency style of g++
configure:4706: result: gcc3
configure:4771: checking for gcc
configure:4787: found /usr/bin/gcc
configure:4798: result: gcc
configure:5027: checking for C compiler version
configure:5036: gcc --version >&5
gcc (Ubuntu 4.4.3-4ubuntu5) 4.4.3
Copyright (C) 2009 Free Software Foundation, Inc.
This is free software; see the source for copying conditions.  There is NO
warranty; not even for MERCHANTABILITY or FITNESS FOR A PARTICULAR PURPOSE.

configure:5047: $? = 0
configure:5036: gcc -v >&5
Using built-in specs.
Target: i486-linux-gnu
Configured with: ../src/configure -v --with-pkgversion='Ubuntu 4.4.3-4ubuntu5' --with-bugurl=file:///usr/share/doc/gcc-4.4/README.Bugs --enable-languages=c,c++,fortran,objc,obj-c++ --prefix=/usr --enable-shared --enable-multiarch --enable-linker-build-id --with-system-zlib --libexecdir=/usr/lib --without-included-gettext --enable-threads=posix --with-gxx-include-dir=/usr/include/c++/4.4 --program-suffix=-4.4 --enable-nls --enable-clocale=gnu --enable-libstdcxx-debug --enable-plugin --enable-objc-gc --enable-targets=all --disable-werror --with-arch-32=i486 --with-tune=generic --enable-checking=release --build=i486-linux-gnu --host=i486-linux-gnu --target=i486-linux-gnu
Thread model: posix
gcc version 4.4.3 (Ubuntu 4.4.3-4ubuntu5) 
configure:5047: $? = 0
configure:5036: gcc -V >&5
gcc: '-V' option must have argument
configure:5047: $? = 1
configure:5036: gcc -qversion >&5
gcc: unrecognized option '-qversion'
gcc: no input files
configure:5047: $? = 1
configure:5051: checking whether we are using the GNU C compiler
configure:5070: gcc -c   conftest.c >&5
configure:5070: $? = 0
configure:5079: result: yes
configure:5088: checking whether gcc accepts -g
configure:5108: gcc -c -g  conftest.c >&5
configure:5108: $? = 0
configure:5149: result: yes
configure:5166: checking for gcc option to accept ISO C89
configure:5230: gcc  -c   conftest.c >&5
configure:5230: $? = 0
configure:5243: result: none needed
configure:5265: checking dependency style of gcc
configure:5355: result: gcc3
configure:5382: checking how to run the C preprocessor
configure:5413: gcc -E  conftest.c
configure:5413: $? = 0
configure:5427: gcc -E  conftest.c
conftest.c:11:28: error: ac_nonexistent.h: No such file or directory
configure:5427: $? = 1
configure: failed program was:
| /* confdefs.h */
| #define PACKAGE_NAME "AvP"
| #define PACKAGE_TARNAME "avp"
| #define PACKAGE_VERSION "1.0"
| #define PACKAGE_STRING "AvP 1.0"
| #define PACKAGE_BUGREPORT "lonewolf9383@hotmail.com"
| #define PACKAGE_URL ""
| #define PACKAGE "Avp"
| #define VERSION "1.0"
| /* end confdefs.h.  */
| #include <ac_nonexistent.h>
configure:5452: result: gcc -E
configure:5472: gcc -E  conftest.c
configure:5472: $? = 0
configure:5486: gcc -E  conftest.c
conftest.c:11:28: error: ac_nonexistent.h: No such file or directory
configure:5486: $? = 1
configure: failed program was:
| /* confdefs.h */
| #define PACKAGE_NAME "AvP"
| #define PACKAGE_TARNAME "avp"
| #define PACKAGE_VERSION "1.0"
| #define PACKAGE_STRING "AvP 1.0"
| #define PACKAGE_BUGREPORT "lonewolf9383@hotmail.com"
| #define PACKAGE_URL ""
| #define PACKAGE "Avp"
| #define VERSION "1.0"
| /* end confdefs.h.  */
| #include <ac_nonexistent.h>
configure:5515: checking for grep that handles long lines and -e
configure:5573: result: /bin/grep
configure:5578: checking for egrep
configure:5640: result: /bin/grep -E
configure:5645: checking for ANSI C header files
configure:5665: gcc -c   conftest.c >&5
configure:5665: $? = 0
configure:5738: gcc -o conftest    conftest.c  >&5
configure:5738: $? = 0
configure:5738: ./conftest
configure:5738: $? = 0
configure:5749: result: yes
configure:5762: checking for sys/types.h
configure:5762: gcc -c   conftest.c >&5
configure:5762: $? = 0
configure:5762: result: yes
configure:5762: checking for sys/stat.h
configure:5762: gcc -c   conftest.c >&5
configure:5762: $? = 0
configure:5762: result: yes
configure:5762: checking for stdlib.h
configure:5762: gcc -c   conftest.c >&5
configure:5762: $? = 0
configure:5762: result: yes
configure:5762: checking for string.h
configure:5762: gcc -c   conftest.c >&5
configure:5762: $? = 0
configure:5762: result: yes
configure:5762: checking for memory.h
configure:5762: gcc -c   conftest.c >&5
configure:5762: $? = 0
configure:5762: result: yes
configure:5762: checking for strings.h
configure:5762: gcc -c   conftest.c >&5
configure:5762: $? = 0
configure:5762: result: yes
configure:5762: checking for inttypes.h
configure:5762: gcc -c   conftest.c >&5
configure:5762: $? = 0
configure:5762: result: yes
configure:5762: checking for stdint.h
configure:5762: gcc -c   conftest.c >&5
configure:5762: $? = 0
configure:5762: result: yes
configure:5762: checking for unistd.h
configure:5762: gcc -c   conftest.c >&5
configure:5762: $? = 0
configure:5762: result: yes
configure:5778: checking fcntl.h usability
configure:5778: gcc -c   conftest.c >&5
configure:5778: $? = 0
configure:5778: result: yes
configure:5778: checking fcntl.h presence
configure:5778: gcc -E  conftest.c
configure:5778: $? = 0
configure:5778: result: yes
configure:5778: checking for fcntl.h
configure:5778: result: yes
configure:5778: checking for inttypes.h
configure:5778: result: yes
configure:5778: checking limits.h usability
configure:5778: gcc -c   conftest.c >&5
configure:5778: $? = 0
configure:5778: result: yes
configure:5778: checking limits.h presence
configure:5778: gcc -E  conftest.c
configure:5778: $? = 0
configure:5778: result: yes
configure:5778: checking for limits.h
configure:5778: result: yes
configure:5778: checking stddef.h usability
configure:5778: gcc -c   conftest.c >&5
configure:5778: $? = 0
configure:5778: result: yes
configure:5778: checking stddef.h presence
configure:5778: gcc -E  conftest.c
configure:5778: $? = 0
configure:5778: result: yes
configure:5778: checking for stddef.h
configure:5778: result: yes
configure:5778: checking for stdlib.h
configure:5778: result: yes
configure:5778: checking for string.h
configure:5778: result: yes
configure:5778: checking sys/time.h usability
configure:5778: gcc -c   conftest.c >&5
configure:5778: $? = 0
configure:5778: result: yes
configure:5778: checking sys/time.h presence
configure:5778: gcc -E  conftest.c
configure:5778: $? = 0
configure:5778: result: yes
configure:5778: checking for sys/time.h
configure:5778: result: yes
configure:5778: checking for unistd.h
configure:5778: result: yes
configure:5791: checking for stdbool.h that conforms to C99
configure:5876: gcc -c   conftest.c >&5
configure:5876: $? = 0
configure:5883: result: yes
configure:5885: checking for _Bool
configure:5885: gcc -c   conftest.c >&5
configure:5885: $? = 0
configure:5885: gcc -c   conftest.c >&5
conftest.c: In function 'main':
conftest.c:65: error: expected expression before ')' token
configure:5885: $? = 1
configure: failed program was:
| /* confdefs.h */
| #define PACKAGE_NAME "AvP"
| #define PACKAGE_TARNAME "avp"
| #define PACKAGE_VERSION "1.0"
| #define PACKAGE_STRING "AvP 1.0"
| #define PACKAGE_BUGREPORT "lonewolf9383@hotmail.com"
| #define PACKAGE_URL ""
| #define PACKAGE "Avp"
| #define VERSION "1.0"
| #define STDC_HEADERS 1
| #define HAVE_SYS_TYPES_H 1
| #define HAVE_SYS_STAT_H 1
| #define HAVE_STDLIB_H 1
| #define HAVE_STRING_H 1
| #define HAVE_MEMORY_H 1
| #define HAVE_STRINGS_H 1
| #define HAVE_INTTYPES_H 1
| #define HAVE_STDINT_H 1
| #define HAVE_UNISTD_H 1
| #define HAVE_FCNTL_H 1
| #define HAVE_INTTYPES_H 1
| #define HAVE_LIMITS_H 1
| #define HAVE_STDDEF_H 1
| #define HAVE_STDLIB_H 1
| #define HAVE_STRING_H 1
| #define HAVE_SYS_TIME_H 1
| #define HAVE_UNISTD_H 1
| /* end confdefs.h.  */
| #include <stdio.h>
| #ifdef HAVE_SYS_TYPES_H
| # include <sys/types.h>
| #endif
| #ifdef HAVE_SYS_STAT_H
| # include <sys/stat.h>
| #endif
| #ifdef STDC_HEADERS
| # include <stdlib.h>
| # include <stddef.h>
| #else
| # ifdef HAVE_STDLIB_H
| #  include <stdlib.h>
| # endif
| #endif
| #ifdef HAVE_STRING_H
| # if !defined STDC_HEADERS && defined HAVE_MEMORY_H
| #  include <memory.h>
| # endif
| # include <string.h>
| #endif
| #ifdef HAVE_STRINGS_H
| # include <strings.h>
| #endif
| #ifdef HAVE_INTTYPES_H
| # include <inttypes.h>
| #endif
| #ifdef HAVE_STDINT_H
| # include <stdint.h>
| #endif
| #ifdef HAVE_UNISTD_H
| # include <unistd.h>
| #endif
| int
| main ()
| {
| if (sizeof ((_Bool)))
| 	    return 0;
|   ;
|   return 0;
| }
configure:5885: result: yes
configure:5901: checking for inline
configure:5917: gcc -c   conftest.c >&5
configure:5917: $? = 0
configure:5925: result: inline
configure:5943: checking for int16_t
configure:5943: gcc -c   conftest.c >&5
configure:5943: $? = 0
configure:5943: gcc -c   conftest.c >&5
conftest.c: In function 'main':
conftest.c:69: error: size of array 'test_array' is negative
configure:5943: $? = 1
configure: failed program was:
| /* confdefs.h */
| #define PACKAGE_NAME "AvP"
| #define PACKAGE_TARNAME "avp"
| #define PACKAGE_VERSION "1.0"
| #define PACKAGE_STRING "AvP 1.0"
| #define PACKAGE_BUGREPORT "lonewolf9383@hotmail.com"
| #define PACKAGE_URL ""
| #define PACKAGE "Avp"
| #define VERSION "1.0"
| #define STDC_HEADERS 1
| #define HAVE_SYS_TYPES_H 1
| #define HAVE_SYS_STAT_H 1
| #define HAVE_STDLIB_H 1
| #define HAVE_STRING_H 1
| #define HAVE_MEMORY_H 1
| #define HAVE_STRINGS_H 1
| #define HAVE_INTTYPES_H 1
| #define HAVE_STDINT_H 1
| #define HAVE_UNISTD_H 1
| #define HAVE_FCNTL_H 1
| #define HAVE_INTTYPES_H 1
| #define HAVE_LIMITS_H 1
| #define HAVE_STDDEF_H 1
| #define HAVE_STDLIB_H 1
| #define HAVE_STRING_H 1
| #define HAVE_SYS_TIME_H 1
| #define HAVE_UNISTD_H 1
| #define HAVE__BOOL 1
| #define HAVE_STDBOOL_H 1
| /* end confdefs.h.  */
| #include <stdio.h>
| #ifdef HAVE_SYS_TYPES_H
| # include <sys/types.h>
| #endif
| #ifdef HAVE_SYS_STAT_H
| # include <sys/stat.h>
| #endif
| #ifdef STDC_HEADERS
| # include <stdlib.h>
| # include <stddef.h>
| #else
| # ifdef HAVE_STDLIB_H
| #  include <stdlib.h>
| # endif
| #endif
| #ifdef HAVE_STRING_H
| # if !defined STDC_HEADERS && defined HAVE_MEMORY_H
| #  include <memory.h>
| # endif
| # include <string.h>
| #endif
| #ifdef HAVE_STRINGS_H
| # include <strings.h>
| #endif
| #ifdef HAVE_INTTYPES_H
| # include <inttypes.h>
| #endif
| #ifdef HAVE_STDINT_H
| # include <stdint.h>
| #endif
| #ifdef HAVE_UNISTD_H
| # include <unistd.h>
| #endif
| 	        enum { N = 16 / 2 - 1 };
| int
| main ()
| {
| static int test_array [1 - 2 * !((int16_t) (((((int16_t) 1 << N) << N) - 1) * 2 + 1)
| 		 < (int16_t) (((((int16_t) 1 << N) << N) - 1) * 2 + 2))];
| test_array [0] = 0
| 
|   ;
|   return 0;
| }
configure:5943: result: yes
configure:5954: checking for int32_t
configure:5954: gcc -c   conftest.c >&5
configure:5954: $? = 0
configure:5954: gcc -c   conftest.c >&5
conftest.c: In function 'main':
conftest.c:69: warning: integer overflow in expression
conftest.c:69: error: size of array 'test_array' is negative
configure:5954: $? = 1
configure: failed program was:
| /* confdefs.h */
| #define PACKAGE_NAME "AvP"
| #define PACKAGE_TARNAME "avp"
| #define PACKAGE_VERSION "1.0"
| #define PACKAGE_STRING "AvP 1.0"
| #define PACKAGE_BUGREPORT "lonewolf9383@hotmail.com"
| #define PACKAGE_URL ""
| #define PACKAGE "Avp"
| #define VERSION "1.0"
| #define STDC_HEADERS 1
| #define HAVE_SYS_TYPES_H 1
| #define HAVE_SYS_STAT_H 1
| #define HAVE_STDLIB_H 1
| #define HAVE_STRING_H 1
| #define HAVE_MEMORY_H 1
| #define HAVE_STRINGS_H 1
| #define HAVE_INTTYPES_H 1
| #define HAVE_STDINT_H 1
| #define HAVE_UNISTD_H 1
| #define HAVE_FCNTL_H 1
| #define HAVE_INTTYPES_H 1
| #define HAVE_LIMITS_H 1
| #define HAVE_STDDEF_H 1
| #define HAVE_STDLIB_H 1
| #define HAVE_STRING_H 1
| #define HAVE_SYS_TIME_H 1
| #define HAVE_UNISTD_H 1
| #define HAVE__BOOL 1
| #define HAVE_STDBOOL_H 1
| /* end confdefs.h.  */
| #include <stdio.h>
| #ifdef HAVE_SYS_TYPES_H
| # include <sys/types.h>
| #endif
| #ifdef HAVE_SYS_STAT_H
| # include <sys/stat.h>
| #endif
| #ifdef STDC_HEADERS
| # include <stdlib.h>
| # include <stddef.h>
| #else
| # ifdef HAVE_STDLIB_H
| #  include <stdlib.h>
| # endif
| #endif
| #ifdef HAVE_STRING_H
| # if !defined STDC_HEADERS && defined HAVE_MEMORY_H
| #  include <memory.h>
| # endif
| # include <string.h>
| #endif
| #ifdef HAVE_STRINGS_H
| # include <strings.h>
| #endif
| #ifdef HAVE_INTTYPES_H
| # include <inttypes.h>
| #endif
| #ifdef HAVE_STDINT_H
| # include <stdint.h>
| #endif
| #ifdef HAVE_UNISTD_H
| # include <unistd.h>
| #endif
| 	        enum { N = 32 / 2 - 1 };
| int
| main ()
| {
| static int test_array [1 - 2 * !((int32_t) (((((int32_t) 1 << N) << N) - 1) * 2 + 1)
| 		 < (int32_t) (((((int32_t) 1 << N) << N) - 1) * 2 + 2))];
| test_array [0] = 0
| 
|   ;
|   return 0;
| }
configure:5954: result: yes
configure:5965: checking for int64_t
configure:5965: gcc -c   conftest.c >&5
configure:5965: $? = 0
configure:5965: gcc -c   conftest.c >&5
conftest.c: In function 'main':
conftest.c:69: warning: integer overflow in expression
conftest.c:69: error: size of array 'test_array' is negative
configure:5965: $? = 1
configure: failed program was:
| /* confdefs.h */
| #define PACKAGE_NAME "AvP"
| #define PACKAGE_TARNAME "avp"
| #define PACKAGE_VERSION "1.0"
| #define PACKAGE_STRING "AvP 1.0"
| #define PACKAGE_BUGREPORT "lonewolf9383@hotmail.com"
| #define PACKAGE_URL ""
| #define PACKAGE "Avp"
| #define VERSION "1.0"
| #define STDC_HEADERS 1
| #define HAVE_SYS_TYPES_H 1
| #define HAVE_SYS_STAT_H 1
| #define HAVE_STDLIB_H 1
| #define HAVE_STRING_H 1
| #define HAVE_MEMORY_H 1
| #define HAVE_STRINGS_H 1
| #define HAVE_INTTYPES_H 1
| #define HAVE_STDINT_H 1
| #define HAVE_UNISTD_H 1
| #define HAVE_FCNTL_H 1
| #define HAVE_INTTYPES_H 1
| #define HAVE_LIMITS_H 1
| #define HAVE_STDDEF_H 1
| #define HAVE_STDLIB_H 1
| #define HAVE_STRING_H 1
| #define HAVE_SYS_TIME_H 1
| #define HAVE_UNISTD_H 1
| #define HAVE__BOOL 1
| #define HAVE_STDBOOL_H 1
| /* end confdefs.h.  */
| #include <stdio.h>
| #ifdef HAVE_SYS_TYPES_H
| # include <sys/types.h>
| #endif
| #ifdef HAVE_SYS_STAT_H
| # include <sys/stat.h>
| #endif
| #ifdef STDC_HEADERS
| # include <stdlib.h>
| # include <stddef.h>
| #else
| # ifdef HAVE_STDLIB_H
| #  include <stdlib.h>
| # endif
| #endif
| #ifdef HAVE_STRING_H
| # if !defined STDC_HEADERS && defined HAVE_MEMORY_H
| #  include <memory.h>
| # endif
| # include <string.h>
| #endif
| #ifdef HAVE_STRINGS_H
| # include <strings.h>
| #endif
| #ifdef HAVE_INTTYPES_H
| # include <inttypes.h>
| #endif
| #ifdef HAVE_STDINT_H
| # include <stdint.h>
| #endif
| #ifdef HAVE_UNISTD_H
| # include <unistd.h>
| #endif
| 	        enum { N = 64 / 2 - 1 };
| int
| main ()
| {
| static int test_array [1 - 2 * !((int64_t) (((((int64_t) 1 << N) << N) - 1) * 2 + 1)
| 		 < (int64_t) (((((int64_t) 1 << N) << N) - 1) * 2 + 2))];
| test_array [0] = 0
| 
|   ;
|   return 0;
| }
configure:5965: result: yes
configure:5976: checking for int8_t
configure:5976: gcc -c   conftest.c >&5
configure:5976: $? = 0
configure:5976: gcc -c   conftest.c >&5
conftest.c: In function 'main':
conftest.c:69: error: size of array 'test_array' is negative
configure:5976: $? = 1
configure: failed program was:
| /* confdefs.h */
| #define PACKAGE_NAME "AvP"
| #define PACKAGE_TARNAME "avp"
| #define PACKAGE_VERSION "1.0"
| #define PACKAGE_STRING "AvP 1.0"
| #define PACKAGE_BUGREPORT "lonewolf9383@hotmail.com"
| #define PACKAGE_URL ""
| #define PACKAGE "Avp"
| #define VERSION "1.0"
| #define STDC_HEADERS 1
| #define HAVE_SYS_TYPES_H 1
| #define HAVE_SYS_STAT_H 1
| #define HAVE_STDLIB_H 1
| #define HAVE_STRING_H 1
| #define HAVE_MEMORY_H 1
| #define HAVE_STRINGS_H 1
| #define HAVE_INTTYPES_H 1
| #define HAVE_STDINT_H 1
| #define HAVE_UNISTD_H 1
| #define HAVE_FCNTL_H 1
| #define HAVE_INTTYPES_H 1
| #define HAVE_LIMITS_H 1
| #define HAVE_STDDEF_H 1
| #define HAVE_STDLIB_H 1
| #define HAVE_STRING_H 1
| #define HAVE_SYS_TIME_H 1
| #define HAVE_UNISTD_H 1
| #define HAVE__BOOL 1
| #define HAVE_STDBOOL_H 1
| /* end confdefs.h.  */
| #include <stdio.h>
| #ifdef HAVE_SYS_TYPES_H
| # include <sys/types.h>
| #endif
| #ifdef HAVE_SYS_STAT_H
| # include <sys/stat.h>
| #endif
| #ifdef STDC_HEADERS
| # include <stdlib.h>
| # include <stddef.h>
| #else
| # ifdef HAVE_STDLIB_H
| #  include <stdlib.h>
| # endif
| #endif
| #ifdef HAVE_STRING_H
| # if !defined STDC_HEADERS && defined HAVE_MEMORY_H
| #  include <memory.h>
| # endif
| # include <string.h>
| #endif
| #ifdef HAVE_STRINGS_H
| # include <strings.h>
| #endif
| #ifdef HAVE_INTTYPES_H
| # include <inttypes.h>
| #endif
| #ifdef HAVE_STDINT_H
| # include <stdint.h>
| #endif
| #ifdef HAVE_UNISTD_H
| # include <unistd.h>
| #endif
| 	        enum { N = 8 / 2 - 1 };
| int
| main ()
| {
| static int test_array [1 - 2 * !((int8_t) (((((int8_t) 1 << N) << N) - 1) * 2 + 1)
| 		 < (int8_t) (((((int8_t) 1 << N) << N) - 1) * 2 + 2))];
| test_array [0] = 0
| 
|   ;
|   return 0;
| }
configure:5976: result: yes
configure:5987: checking for size_t
configure:5987: gcc -c   conftest.c >&5
configure:5987: $? = 0
configure:5987: gcc -c   conftest.c >&5
conftest.c: In function 'main':
conftest.c:67: error: expected expression before ')' token
configure:5987: $? = 1
configure: failed program was:
| /* confdefs.h */
| #define PACKAGE_NAME "AvP"
| #define PACKAGE_TARNAME "avp"
| #define PACKAGE_VERSION "1.0"
| #define PACKAGE_STRING "AvP 1.0"
| #define PACKAGE_BUGREPORT "lonewolf9383@hotmail.com"
| #define PACKAGE_URL ""
| #define PACKAGE "Avp"
| #define VERSION "1.0"
| #define STDC_HEADERS 1
| #define HAVE_SYS_TYPES_H 1
| #define HAVE_SYS_STAT_H 1
| #define HAVE_STDLIB_H 1
| #define HAVE_STRING_H 1
| #define HAVE_MEMORY_H 1
| #define HAVE_STRINGS_H 1
| #define HAVE_INTTYPES_H 1
| #define HAVE_STDINT_H 1
| #define HAVE_UNISTD_H 1
| #define HAVE_FCNTL_H 1
| #define HAVE_INTTYPES_H 1
| #define HAVE_LIMITS_H 1
| #define HAVE_STDDEF_H 1
| #define HAVE_STDLIB_H 1
| #define HAVE_STRING_H 1
| #define HAVE_SYS_TIME_H 1
| #define HAVE_UNISTD_H 1
| #define HAVE__BOOL 1
| #define HAVE_STDBOOL_H 1
| /* end confdefs.h.  */
| #include <stdio.h>
| #ifdef HAVE_SYS_TYPES_H
| # include <sys/types.h>
| #endif
| #ifdef HAVE_SYS_STAT_H
| # include <sys/stat.h>
| #endif
| #ifdef STDC_HEADERS
| # include <stdlib.h>
| # include <stddef.h>
| #else
| # ifdef HAVE_STDLIB_H
| #  include <stdlib.h>
| # endif
| #endif
| #ifdef HAVE_STRING_H
| # if !defined STDC_HEADERS && defined HAVE_MEMORY_H
| #  include <memory.h>
| # endif
| # include <string.h>
| #endif
| #ifdef HAVE_STRINGS_H
| # include <strings.h>
| #endif
| #ifdef HAVE_INTTYPES_H
| # include <inttypes.h>
| #endif
| #ifdef HAVE_STDINT_H
| # include <stdint.h>
| #endif
| #ifdef HAVE_UNISTD_H
| # include <unistd.h>
| #endif
| int
| main ()
| {
| if (sizeof ((size_t)))
| 	    return 0;
|   ;
|   return 0;
| }
configure:5987: result: yes
configure:5998: checking for uint16_t
configure:5998: gcc -c   conftest.c >&5
configure:5998: $? = 0
configure:5998: result: yes
configure:6010: checking for uint32_t
configure:6010: gcc -c   conftest.c >&5
configure:6010: $? = 0
configure:6010: result: yes
configure:6024: checking for uint64_t
configure:6024: gcc -c   conftest.c >&5
configure:6024: $? = 0
configure:6024: result: yes
configure:6038: checking for uint8_t
configure:6038: gcc -c   conftest.c >&5
configure:6038: $? = 0
configure:6038: result: yes
configure:6052: checking for ptrdiff_t
configure:6052: gcc -c   conftest.c >&5
configure:6052: $? = 0
configure:6052: gcc -c   conftest.c >&5
conftest.c: In function 'main':
conftest.c:67: error: expected expression before ')' token
configure:6052: $? = 1
configure: failed program was:
| /* confdefs.h */
| #define PACKAGE_NAME "AvP"
| #define PACKAGE_TARNAME "avp"
| #define PACKAGE_VERSION "1.0"
| #define PACKAGE_STRING "AvP 1.0"
| #define PACKAGE_BUGREPORT "lonewolf9383@hotmail.com"
| #define PACKAGE_URL ""
| #define PACKAGE "Avp"
| #define VERSION "1.0"
| #define STDC_HEADERS 1
| #define HAVE_SYS_TYPES_H 1
| #define HAVE_SYS_STAT_H 1
| #define HAVE_STDLIB_H 1
| #define HAVE_STRING_H 1
| #define HAVE_MEMORY_H 1
| #define HAVE_STRINGS_H 1
| #define HAVE_INTTYPES_H 1
| #define HAVE_STDINT_H 1
| #define HAVE_UNISTD_H 1
| #define HAVE_FCNTL_H 1
| #define HAVE_INTTYPES_H 1
| #define HAVE_LIMITS_H 1
| #define HAVE_STDDEF_H 1
| #define HAVE_STDLIB_H 1
| #define HAVE_STRING_H 1
| #define HAVE_SYS_TIME_H 1
| #define HAVE_UNISTD_H 1
| #define HAVE__BOOL 1
| #define HAVE_STDBOOL_H 1
| /* end confdefs.h.  */
| #include <stdio.h>
| #ifdef HAVE_SYS_TYPES_H
| # include <sys/types.h>
| #endif
| #ifdef HAVE_SYS_STAT_H
| # include <sys/stat.h>
| #endif
| #ifdef STDC_HEADERS
| # include <stdlib.h>
| # include <stddef.h>
| #else
| # ifdef HAVE_STDLIB_H
| #  include <stdlib.h>
| # endif
| #endif
| #ifdef HAVE_STRING_H
| # if !defined STDC_HEADERS && defined HAVE_MEMORY_H
| #  include <memory.h>
| # endif
| # include <string.h>
| #endif
| #ifdef HAVE_STRINGS_H
| # include <strings.h>
| #endif
| #ifdef HAVE_INTTYPES_H
| # include <inttypes.h>
| #endif
| #ifdef HAVE_STDINT_H
| # include <stdint.h>
| #endif
| #ifdef HAVE_UNISTD_H
| # include <unistd.h>
| #endif
| int
| main ()
| {
| if (sizeof ((ptrdiff_t)))
| 	    return 0;
|   ;
|   return 0;
| }
configure:6052: result: yes
configure:6066: checking for stdlib.h
configure:6066: result: yes
configure:6076: checking for GNU libc compatible malloc
configure:6100: gcc -o conftest    conftest.c  >&5
configure:6100: $? = 0
configure:6100: ./conftest
configure:6100: $? = 0
configure:6110: result: yes
configure:6133: checking for stdlib.h
configure:6133: result: yes
configure:6143: checking for GNU libc compatible realloc
configure:6167: gcc -o conftest    conftest.c  >&5
configure:6167: $? = 0
configure:6167: ./conftest
configure:6167: $? = 0
configure:6177: result: yes
configure:6201: checking for atexit
configure:6201: gcc -o conftest    conftest.c  >&5
configure:6201: $? = 0
configure:6201: result: yes
configure:6201: checking for getcwd
configure:6201: gcc -o conftest    conftest.c  >&5
configure:6201: $? = 0
configure:6201: result: yes
configure:6201: checking for gettimeofday
configure:6201: gcc -o conftest    conftest.c  >&5
configure:6201: $? = 0
configure:6201: result: yes
configure:6201: checking for memmove
configure:6201: gcc -o conftest    conftest.c  >&5
conftest.c:62: warning: conflicting types for built-in function 'memmove'
configure:6201: $? = 0
configure:6201: result: yes
configure:6201: checking for memset
configure:6201: gcc -o conftest    conftest.c  >&5
conftest.c:63: warning: conflicting types for built-in function 'memset'
configure:6201: $? = 0
configure:6201: result: yes
configure:6201: checking for mkdir
configure:6201: gcc -o conftest    conftest.c  >&5
configure:6201: $? = 0
configure:6201: result: yes
configure:6201: checking for realpath
configure:6201: gcc -o conftest    conftest.c  >&5
configure:6201: $? = 0
configure:6201: result: yes
configure:6201: checking for sqrt
configure:6201: gcc -o conftest    conftest.c  >&5
conftest.c:66: warning: conflicting types for built-in function 'sqrt'
/tmp/ccvQK1AR.o: In function `main':
conftest.c:(.text+0x7): undefined reference to `sqrt'
collect2: ld returned 1 exit status
configure:6201: $? = 1
configure: failed program was:
| /* confdefs.h */
| #define PACKAGE_NAME "AvP"
| #define PACKAGE_TARNAME "avp"
| #define PACKAGE_VERSION "1.0"
| #define PACKAGE_STRING "AvP 1.0"
| #define PACKAGE_BUGREPORT "lonewolf9383@hotmail.com"
| #define PACKAGE_URL ""
| #define PACKAGE "Avp"
| #define VERSION "1.0"
| #define STDC_HEADERS 1
| #define HAVE_SYS_TYPES_H 1
| #define HAVE_SYS_STAT_H 1
| #define HAVE_STDLIB_H 1
| #define HAVE_STRING_H 1
| #define HAVE_MEMORY_H 1
| #define HAVE_STRINGS_H 1
| #define HAVE_INTTYPES_H 1
| #define HAVE_STDINT_H 1
| #define HAVE_UNISTD_H 1
| #define HAVE_FCNTL_H 1
| #define HAVE_INTTYPES_H 1
| #define HAVE_LIMITS_H 1
| #define HAVE_STDDEF_H 1
| #define HAVE_STDLIB_H 1
| #define HAVE_STRING_H 1
| #define HAVE_SYS_TIME_H 1
| #define HAVE_UNISTD_H 1
| #define HAVE__BOOL 1
| #define HAVE_STDBOOL_H 1
| #define HAVE_PTRDIFF_T 1
| #define HAVE_STDLIB_H 1
| #define HAVE_MALLOC 1
| #define HAVE_STDLIB_H 1
| #define HAVE_REALLOC 1
| #define HAVE_ATEXIT 1
| #define HAVE_GETCWD 1
| #define HAVE_GETTIMEOFDAY 1
| #define HAVE_MEMMOVE 1
| #define HAVE_MEMSET 1
| #define HAVE_MKDIR 1
| #define HAVE_REALPATH 1
| /* end confdefs.h.  */
| /* Define sqrt to an innocuous variant, in case <limits.h> declares sqrt.
|    For example, HP-UX 11i <limits.h> declares gettimeofday.  */
| #define sqrt innocuous_sqrt
| 
| /* System header to define __stub macros and hopefully few prototypes,
|     which can conflict with char sqrt (); below.
|     Prefer <limits.h> to <assert.h> if __STDC__ is defined, since
|     <limits.h> exists even on freestanding compilers.  */
| 
| #ifdef __STDC__
| # include <limits.h>
| #else
| # include <assert.h>
| #endif
| 
| #undef sqrt
| 
| /* Override any GCC internal prototype to avoid an error.
|    Use char because int might match the return type of a GCC
|    builtin and then its argument prototype would still apply.  */
| #ifdef __cplusplus
| extern "C"
| #endif
| char sqrt ();
| /* The GNU C library defines this for functions which it implements
|     to always fail with ENOSYS.  Some functions are actually named
|     something starting with __ and the normal name is an alias.  */
| #if defined __stub_sqrt || defined __stub___sqrt
| choke me
| #endif
| 
| int
| main ()
| {
| return sqrt ();
|   ;
|   return 0;
| }
configure:6201: result: no
configure:6201: checking for strchr
configure:6201: gcc -o conftest    conftest.c  >&5
conftest.c:66: warning: conflicting types for built-in function 'strchr'
configure:6201: $? = 0
configure:6201: result: yes
configure:6201: checking for strcspn
configure:6201: gcc -o conftest    conftest.c  >&5
conftest.c:67: warning: conflicting types for built-in function 'strcspn'
configure:6201: $? = 0
configure:6201: result: yes
configure:6201: checking for strdup
configure:6201: gcc -o conftest    conftest.c  >&5
conftest.c:68: warning: conflicting types for built-in function 'strdup'
configure:6201: $? = 0
configure:6201: result: yes
configure:6201: checking for strerror
configure:6201: gcc -o conftest    conftest.c  >&5
configure:6201: $? = 0
configure:6201: result: yes
configure:6201: checking for strrchr
configure:6201: gcc -o conftest    conftest.c  >&5
conftest.c:70: warning: conflicting types for built-in function 'strrchr'
configure:6201: $? = 0
configure:6201: result: yes
configure:6201: checking for strspn
configure:6201: gcc -o conftest    conftest.c  >&5
conftest.c:71: warning: conflicting types for built-in function 'strspn'
configure:6201: $? = 0
configure:6201: result: yes
configure:6201: checking for strstr
configure:6201: gcc -o conftest    conftest.c  >&5
conftest.c:72: warning: conflicting types for built-in function 'strstr'
configure:6201: $? = 0
configure:6201: result: yes
configure:6326: creating ./config.status

## ---------------------- ##
## Running config.status. ##
## ---------------------- ##

This file was extended by AvP config.status 1.0, which was
generated by GNU Autoconf 2.65.  Invocation command line was

  CONFIG_FILES    = 
  CONFIG_HEADERS  = 
  CONFIG_LINKS    = 
  CONFIG_COMMANDS = 
  $ ./config.status 

on graham-laptop

config.status:889: creating Makefile
config.status:889: creating src/Makefile
config.status:889: creating src/avp/Makefile
config.status:889: creating src/avp/shapes/Makefile
config.status:889: creating src/avp/support/Makefile
config.status:889: creating src/avp/win95/Makefile
config.status:889: creating src/avp/win95/frontend/Makefile
config.status:889: creating src/avp/win95/gadgets/Makefile
config.status:889: creating src/win95/Makefile
config.status:889: creating config.h
config.status:1055: config.h is unchanged
config.status:1102: executing depfiles commands

## ---------------- ##
## Cache variables. ##
## ---------------- ##

ac_cv_c_compiler_gnu=yes
ac_cv_c_inline=inline
ac_cv_c_int16_t=yes
ac_cv_c_int32_t=yes
ac_cv_c_int64_t=yes
ac_cv_c_int8_t=yes
ac_cv_c_uint16_t=yes
ac_cv_c_uint32_t=yes
ac_cv_c_uint64_t=yes
ac_cv_c_uint8_t=yes
ac_cv_cxx_compiler_gnu=yes
ac_cv_env_CCC_set=
ac_cv_env_CCC_value=
ac_cv_env_CC_set=
ac_cv_env_CC_value=
ac_cv_env_CFLAGS_set=set
ac_cv_env_CFLAGS_value=
ac_cv_env_CPPFLAGS_set=
ac_cv_env_CPPFLAGS_value=
ac_cv_env_CPP_set=
ac_cv_env_CPP_value=
ac_cv_env_CXXFLAGS_set=
ac_cv_env_CXXFLAGS_value=
ac_cv_env_CXX_set=
ac_cv_env_CXX_value=
ac_cv_env_LDFLAGS_set=
ac_cv_env_LDFLAGS_value=
ac_cv_env_LIBS_set=
ac_cv_env_LIBS_value=
ac_cv_env_build_alias_set=
ac_cv_env_build_alias_value=
ac_cv_env_host_alias_set=
ac_cv_env_host_alias_value=
ac_cv_env_target_alias_set=
ac_cv_env_target_alias_value=
ac_cv_func_atexit=yes
ac_cv_func_getcwd=yes
ac_cv_func_gettimeofday=yes
ac_cv_func_malloc_0_nonnull=yes
ac_cv_func_memmove=yes
ac_cv_func_memset=yes
ac_cv_func_mkdir=yes
ac_cv_func_realloc_0_nonnull=yes
ac_cv_func_realpath=yes
ac_cv_func_sqrt=no
ac_cv_func_strchr=yes
ac_cv_func_strcspn=yes
ac_cv_func_strdup=yes
ac_cv_func_strerror=yes
ac_cv_func_strrchr=yes
ac_cv_func_strspn=yes
ac_cv_func_strstr=yes
ac_cv_header_fcntl_h=yes
ac_cv_header_inttypes_h=yes
ac_cv_header_limits_h=yes
ac_cv_header_memory_h=yes
ac_cv_header_stdbool_h=yes
ac_cv_header_stdc=yes
ac_cv_header_stddef_h=yes
ac_cv_header_stdint_h=yes
ac_cv_header_stdlib_h=yes
ac_cv_header_string_h=yes
ac_cv_header_strings_h=yes
ac_cv_header_sys_stat_h=yes
ac_cv_header_sys_time_h=yes
ac_cv_header_sys_types_h=yes
ac_cv_header_unistd_h=yes
ac_cv_objext=o
ac_cv_path_EGREP='/bin/grep -E'
ac_cv_path_GREP=/bin/grep
ac_cv_path_install='/usr/bin/install -c'
ac_cv_prog_AWK=gawk
ac_cv_prog_CPP='gcc -E'
ac_cv_prog_ac_ct_CC=gcc
ac_cv_prog_ac_ct_CXX=g++
ac_cv_prog_ac_ct_RANLIB=ranlib
ac_cv_prog_cc_c89=
ac_cv_prog_cc_g=yes
ac_cv_prog_cxx_g=yes
ac_cv_prog_make_make_set=yes
ac_cv_type__Bool=yes
ac_cv_type_ptrdiff_t=yes
ac_cv_type_size_t=yes
am_cv_CC_dependencies_compiler_type=gcc3
am_cv_CXX_dependencies_compiler_type=gcc3

## ----------------- ##
## Output variables. ##
## ----------------- ##

ACLOCAL='${SHELL} /home/graham/Programs/AvP/avp/missing --run aclocal-1.9'
AMDEPBACKSLASH='\'
AMDEP_FALSE='#'
AMDEP_TRUE=''
AMTAR='${SHELL} /home/graham/Programs/AvP/avp/missing --run tar'
AUTOCONF='${SHELL} /home/graham/Programs/AvP/avp/missing --run autoconf'
AUTOHEADER='${SHELL} /home/graham/Programs/AvP/avp/missing --run autoheader'
AUTOMAKE='${SHELL} /home/graham/Programs/AvP/avp/missing --run automake-1.9'
AWK='gawk'
CC='gcc'
CCDEPMODE='depmode=gcc3'
CFLAGS=''
CPP='gcc -E'
CPPFLAGS=''
CXX='g++'
CXXDEPMODE='depmode=gcc3'
CXXFLAGS='-g -O2'
CYGPATH_W='echo'
DEFS='-DHAVE_CONFIG_H'
DEPDIR='.deps'
ECHO_C=''
ECHO_N='-n'
ECHO_T=''
EGREP='/bin/grep -E'
EXEEXT=''
GREP='/bin/grep'
INSTALL_DATA='${INSTALL} -m 644'
INSTALL_PROGRAM='${INSTALL}'
INSTALL_SCRIPT='${INSTALL}'
INSTALL_STRIP_PROGRAM='${SHELL} $(install_sh) -c -s'
LDFLAGS=''
LIBOBJS=''
LIBS=''
LTLIBOBJS=''
MAKEINFO='${SHELL} /home/graham/Programs/AvP/avp/missing --run makeinfo'
OBJEXT='o'
PACKAGE='Avp'
PACKAGE_BUGREPORT='lonewolf9383@hotmail.com'
PACKAGE_NAME='AvP'
PACKAGE_STRING='AvP 1.0'
PACKAGE_TARNAME='avp'
PACKAGE_URL=''
PACKAGE_VERSION='1.0'
PATH_SEPARATOR=':'
RANLIB='ranlib'
SET_MAKE=''
SHELL='/bin/bash'
STRIP=''
VERSION='1.0'
ac_ct_CC='gcc'
ac_ct_CXX='g++'
am__fastdepCC_FALSE='#'
am__fastdepCC_TRUE=''
am__fastdepCXX_FALSE='#'
am__fastdepCXX_TRUE=''
am__include='include'
am__leading_dot='.'
am__quote=''
am__tar='${AMTAR} chof - "$$tardir"'
am__untar='${AMTAR} xf -'
bindir='${exec_prefix}/bin'
build_alias=''
datadir='${datarootdir}'
datarootdir='${prefix}/share'
docdir='${datarootdir}/doc/${PACKAGE_TARNAME}'
dvidir='${docdir}'
exec_prefix='${prefix}'
host_alias=''
htmldir='${docdir}'
includedir='${prefix}/include'
infodir='${datarootdir}/info'
install_sh='/home/graham/Programs/AvP/avp/install-sh'
libdir='${exec_prefix}/lib'
libexecdir='${exec_prefix}/libexec'
localedir='${datarootdir}/locale'
localstatedir='${prefix}/var'
mandir='${datarootdir}/man'
mkdir_p='mkdir -p --'
oldincludedir='/usr/include'
pdfdir='${docdir}'
prefix='/usr/local'
program_transform_name='s,x,x,'
psdir='${docdir}'
sbindir='${exec_prefix}/sbin'
sharedstatedir='${prefix}/com'
sysconfdir='${prefix}/etc'
target_alias=''

## ----------- ##
## confdefs.h. ##
## ----------- ##

/* confdefs.h */
#define PACKAGE_NAME "AvP"
#define PACKAGE_TARNAME "avp"
#define PACKAGE_VERSION "1.0"
#define PACKAGE_STRING "AvP 1.0"
#define PACKAGE_BUGREPORT "lonewolf9383@hotmail.com"
#define PACKAGE_URL ""
#define PACKAGE "Avp"
#define VERSION "1.0"
#define STDC_HEADERS 1
#define HAVE_SYS_TYPES_H 1
#define HAVE_SYS_STAT_H 1
#define HAVE_STDLIB_H 1
#define HAVE_STRING_H 1
#define HAVE_MEMORY_H 1
#define HAVE_STRINGS_H 1
#define HAVE_INTTYPES_H 1
#define HAVE_STDINT_H 1
#define HAVE_UNISTD_H 1
#define HAVE_FCNTL_H 1
#define HAVE_INTTYPES_H 1
#define HAVE_LIMITS_H 1
#define HAVE_STDDEF_H 1
#define HAVE_STDLIB_H 1
#define HAVE_STRING_H 1
#define HAVE_SYS_TIME_H 1
#define HAVE_UNISTD_H 1
#define HAVE__BOOL 1
#define HAVE_STDBOOL_H 1
#define HAVE_PTRDIFF_T 1
#define HAVE_STDLIB_H 1
#define HAVE_MALLOC 1
#define HAVE_STDLIB_H 1
#define HAVE_REALLOC 1
#define HAVE_ATEXIT 1
#define HAVE_GETCWD 1
#define HAVE_GETTIMEOFDAY 1
#define HAVE_MEMMOVE 1
#define HAVE_MEMSET 1
#define HAVE_MKDIR 1
#define HAVE_REALPATH 1
#define HAVE_STRCHR 1
#define HAVE_STRCSPN 1
#define HAVE_STRDUP 1
#define HAVE_STRERROR 1
#define HAVE_STRRCHR 1
#define HAVE_STRSPN 1
#define HAVE_STRSTR 1

configure: exit 0
